<?xml version="1.0" encoding="UTF-8"?>
<testng-results ignored="0" total="0" passed="0" failed="0" skipped="0">
  <reporter-output>
  </reporter-output>
  <suite started-at="2021-04-13T08:45:31 BST" name="testng.TestBase" finished-at="2021-04-13T08:45:31 BST" duration-ms="128">
    <groups>
    </groups>
    <test started-at="2021-04-13T08:45:31 BST" name="Command line test" finished-at="2021-04-13T08:45:31 BST" duration-ms="128">
      <class name="testng.TestBase">
        <test-method is-config="true" signature="beforeTest()[pri:0, instance:testng.TestBase@35a50a4c]" started-at="2021-04-13T08:45:31 BST" name="beforeTest" finished-at="2021-04-13T08:45:31 BST" duration-ms="122" status="PASS">
          <reporter-output>
          </reporter-output>
        </test-method> <!-- beforeTest -->
        <test-method is-config="true" signature="afterTest()[pri:0, instance:testng.TestBase@35a50a4c]" started-at="2021-04-13T08:45:31 BST" name="afterTest" finished-at="2021-04-13T08:45:31 BST" duration-ms="0" status="PASS">
          <reporter-output>
          </reporter-output>
        </test-method> <!-- afterTest -->
      </class> <!-- testng.TestBase -->
    </test> <!-- Command line test -->
  </suite> <!-- testng.TestBase -->
</testng-results>
